[2020-11-09 11:07:07] local.ERROR: Please provide a valid cache path. {"exception":"[object] (InvalidArgumentException(code: 0): Please provide a valid cache path. at /var/www/app/vendor/laravel/framework/src/Illuminate/View/Compilers/Compiler.php:36)
[stacktrace]
#0 /var/www/app/vendor/laravel/framework/src/Illuminate/View/ViewServiceProvider.php(88): Illuminate\\View\\Compilers\\Compiler->__construct(Object(Illuminate\\Filesystem\\Filesystem), false)
#1 /var/www/app/vendor/laravel/framework/src/Illuminate/Container/Container.php(805): Illuminate\\View\\ViewServiceProvider->Illuminate\\View\\{closure}(Object(Illuminate\\Foundation\\Application), Array)
#2 /var/www/app/vendor/laravel/framework/src/Illuminate/Container/Container.php(691): Illuminate\\Container\\Container->build(Object(Closure))
#3 /var/www/app/vendor/laravel/framework/src/Illuminate/Foundation/Application.php(796): Illuminate\\Container\\Container->resolve('blade.compiler', Array, true)
#4 /var/www/app/vendor/laravel/framework/src/Illuminate/Container/Container.php(637): Illuminate\\Foundation\\Application->resolve('blade.compiler', Array)
#5 /var/www/app/vendor/laravel/framework/src/Illuminate/Foundation/Application.php(781): Illuminate\\Container\\Container->make('blade.compiler', Array)
#6 /var/www/app/vendor/laravel/framework/src/Illuminate/Container/Container.php(1280): Illuminate\\Foundation\\Application->make('blade.compiler')
#7 /var/www/app/vendor/laravel/framework/src/Illuminate/View/ViewServiceProvider.php(150): Illuminate\\Container\\Container->offsetGet('blade.compiler')
#8 [internal function]: Illuminate\\View\\ViewServiceProvider->Illuminate\\View\\{closure}()
#9 /var/www/app/vendor/laravel/framework/src/Illuminate/View/Engines/EngineResolver.php(55): call_user_func(Object(Closure))
#10 /var/www/app/vendor/facade/ignition/src/IgnitionServiceProvider.php(389): Illuminate\\View\\Engines\\EngineResolver->resolve('blade')
#11 /var/www/app/vendor/facade/ignition/src/IgnitionServiceProvider.php(125): Facade\\Ignition\\IgnitionServiceProvider->hasCustomViewEnginesRegistered()
#12 /var/www/app/vendor/facade/ignition/src/IgnitionServiceProvider.php(84): Facade\\Ignition\\IgnitionServiceProvider->registerViewEngines()
#13 /var/www/app/vendor/laravel/framework/src/Illuminate/Container/BoundMethod.php(36): Facade\\Ignition\\IgnitionServiceProvider->boot()
#14 /var/www/app/vendor/laravel/framework/src/Illuminate/Container/Util.php(40): Illuminate\\Container\\BoundMethod::Illuminate\\Container\\{closure}()
#15 /var/www/app/vendor/laravel/framework/src/Illuminate/Container/BoundMethod.php(93): Illuminate\\Container\\Util::unwrapIfClosure(Object(Closure))
#16 /var/www/app/vendor/laravel/framework/src/Illuminate/Container/BoundMethod.php(37): Illuminate\\Container\\BoundMethod::callBoundMethod(Object(Illuminate\\Foundation\\Application), Array, Object(Closure))
#17 /var/www/app/vendor/laravel/framework/src/Illuminate/Container/Container.php(596): Illuminate\\Container\\BoundMethod::call(Object(Illuminate\\Foundation\\Application), Array, Array, NULL)
#18 /var/www/app/vendor/laravel/framework/src/Illuminate/Foundation/Application.php(869): Illuminate\\Container\\Container->call(Array)
#19 /var/www/app/vendor/laravel/framework/src/Illuminate/Foundation/Application.php(850): Illuminate\\Foundation\\Application->bootProvider(Object(Facade\\Ignition\\IgnitionServiceProvider))
#20 [internal function]: Illuminate\\Foundation\\Application->Illuminate\\Foundation\\{closure}(Object(Facade\\Ignition\\IgnitionServiceProvider), 14)
#21 /var/www/app/vendor/laravel/framework/src/Illuminate/Foundation/Application.php(851): array_walk(Array, Object(Closure))
#22 /var/www/app/vendor/laravel/framework/src/Illuminate/Foundation/Bootstrap/BootProviders.php(17): Illuminate\\Foundation\\Application->boot()
#23 /var/www/app/vendor/laravel/framework/src/Illuminate/Foundation/Application.php(230): Illuminate\\Foundation\\Bootstrap\\BootProviders->bootstrap(Object(Illuminate\\Foundation\\Application))
#24 /var/www/app/vendor/laravel/framework/src/Illuminate/Foundation/Http/Kernel.php(152): Illuminate\\Foundation\\Application->bootstrapWith(Array)
#25 /var/www/app/vendor/laravel/framework/src/Illuminate/Foundation/Http/Kernel.php(136): Illuminate\\Foundation\\Http\\Kernel->bootstrap()
#26 /var/www/app/vendor/laravel/framework/src/Illuminate/Foundation/Http/Kernel.php(110): Illuminate\\Foundation\\Http\\Kernel->sendRequestThroughRouter(Object(Illuminate\\Http\\Request))
#27 /var/www/app/public/index.php(52): Illuminate\\Foundation\\Http\\Kernel->handle(Object(Illuminate\\Http\\Request))
#28 {main}
"} 
[2020-11-09 11:07:07] local.ERROR: Please provide a valid cache path. {"exception":"[object] (InvalidArgumentException(code: 0): Please provide a valid cache path. at /var/www/app/vendor/laravel/framework/src/Illuminate/View/Compilers/Compiler.php:36)
[stacktrace]
#0 /var/www/app/vendor/laravel/framework/src/Illuminate/View/ViewServiceProvider.php(88): Illuminate\\View\\Compilers\\Compiler->__construct(Object(Illuminate\\Filesystem\\Filesystem), false)
#1 /var/www/app/vendor/laravel/framework/src/Illuminate/Container/Container.php(805): Illuminate\\View\\ViewServiceProvider->Illuminate\\View\\{closure}(Object(Illuminate\\Foundation\\Application), Array)
#2 /var/www/app/vendor/laravel/framework/src/Illuminate/Container/Container.php(691): Illuminate\\Container\\Container->build(Object(Closure))
#3 /var/www/app/vendor/laravel/framework/src/Illuminate/Foundation/Application.php(796): Illuminate\\Container\\Container->resolve('blade.compiler', Array, true)
#4 /var/www/app/vendor/laravel/framework/src/Illuminate/Container/Container.php(637): Illuminate\\Foundation\\Application->resolve('blade.compiler', Array)
#5 /var/www/app/vendor/laravel/framework/src/Illuminate/Foundation/Application.php(781): Illuminate\\Container\\Container->make('blade.compiler', Array)
#6 /var/www/app/vendor/laravel/framework/src/Illuminate/Container/Container.php(1280): Illuminate\\Foundation\\Application->make('blade.compiler')
#7 /var/www/app/vendor/laravel/framework/src/Illuminate/View/ViewServiceProvider.php(150): Illuminate\\Container\\Container->offsetGet('blade.compiler')
#8 [internal function]: Illuminate\\View\\ViewServiceProvider->Illuminate\\View\\{closure}()
#9 /var/www/app/vendor/laravel/framework/src/Illuminate/View/Engines/EngineResolver.php(55): call_user_func(Object(Closure))
#10 /var/www/app/vendor/facade/ignition/src/IgnitionServiceProvider.php(389): Illuminate\\View\\Engines\\EngineResolver->resolve('blade')
#11 /var/www/app/vendor/facade/ignition/src/IgnitionServiceProvider.php(125): Facade\\Ignition\\IgnitionServiceProvider->hasCustomViewEnginesRegistered()
#12 /var/www/app/vendor/facade/ignition/src/IgnitionServiceProvider.php(84): Facade\\Ignition\\IgnitionServiceProvider->registerViewEngines()
#13 /var/www/app/vendor/laravel/framework/src/Illuminate/Container/BoundMethod.php(36): Facade\\Ignition\\IgnitionServiceProvider->boot()
#14 /var/www/app/vendor/laravel/framework/src/Illuminate/Container/Util.php(40): Illuminate\\Container\\BoundMethod::Illuminate\\Container\\{closure}()
#15 /var/www/app/vendor/laravel/framework/src/Illuminate/Container/BoundMethod.php(93): Illuminate\\Container\\Util::unwrapIfClosure(Object(Closure))
#16 /var/www/app/vendor/laravel/framework/src/Illuminate/Container/BoundMethod.php(37): Illuminate\\Container\\BoundMethod::callBoundMethod(Object(Illuminate\\Foundation\\Application), Array, Object(Closure))
#17 /var/www/app/vendor/laravel/framework/src/Illuminate/Container/Container.php(596): Illuminate\\Container\\BoundMethod::call(Object(Illuminate\\Foundation\\Application), Array, Array, NULL)
#18 /var/www/app/vendor/laravel/framework/src/Illuminate/Foundation/Application.php(869): Illuminate\\Container\\Container->call(Array)
#19 /var/www/app/vendor/laravel/framework/src/Illuminate/Foundation/Application.php(850): Illuminate\\Foundation\\Application->bootProvider(Object(Facade\\Ignition\\IgnitionServiceProvider))
#20 [internal function]: Illuminate\\Foundation\\Application->Illuminate\\Foundation\\{closure}(Object(Facade\\Ignition\\IgnitionServiceProvider), 14)
#21 /var/www/app/vendor/laravel/framework/src/Illuminate/Foundation/Application.php(851): array_walk(Array, Object(Closure))
#22 /var/www/app/vendor/laravel/framework/src/Illuminate/Foundation/Bootstrap/BootProviders.php(17): Illuminate\\Foundation\\Application->boot()
#23 /var/www/app/vendor/laravel/framework/src/Illuminate/Foundation/Application.php(230): Illuminate\\Foundation\\Bootstrap\\BootProviders->bootstrap(Object(Illuminate\\Foundation\\Application))
#24 /var/www/app/vendor/laravel/framework/src/Illuminate/Foundation/Http/Kernel.php(152): Illuminate\\Foundation\\Application->bootstrapWith(Array)
#25 /var/www/app/vendor/laravel/framework/src/Illuminate/Foundation/Http/Kernel.php(136): Illuminate\\Foundation\\Http\\Kernel->bootstrap()
#26 /var/www/app/vendor/laravel/framework/src/Illuminate/Foundation/Http/Kernel.php(110): Illuminate\\Foundation\\Http\\Kernel->sendRequestThroughRouter(Object(Illuminate\\Http\\Request))
#27 /var/www/app/public/index.php(52): Illuminate\\Foundation\\Http\\Kernel->handle(Object(Illuminate\\Http\\Request))
#28 {main}
"} 
[2020-11-09 11:07:08] local.ERROR: Please provide a valid cache path. {"exception":"[object] (InvalidArgumentException(code: 0): Please provide a valid cache path. at /var/www/app/vendor/laravel/framework/src/Illuminate/View/Compilers/Compiler.php:36)
[stacktrace]
#0 /var/www/app/vendor/laravel/framework/src/Illuminate/View/ViewServiceProvider.php(88): Illuminate\\View\\Compilers\\Compiler->__construct(Object(Illuminate\\Filesystem\\Filesystem), false)
#1 /var/www/app/vendor/laravel/framework/src/Illuminate/Container/Container.php(805): Illuminate\\View\\ViewServiceProvider->Illuminate\\View\\{closure}(Object(Illuminate\\Foundation\\Application), Array)
#2 /var/www/app/vendor/laravel/framework/src/Illuminate/Container/Container.php(691): Illuminate\\Container\\Container->build(Object(Closure))
#3 /var/www/app/vendor/laravel/framework/src/Illuminate/Foundation/Application.php(796): Illuminate\\Container\\Container->resolve('blade.compiler', Array, true)
#4 /var/www/app/vendor/laravel/framework/src/Illuminate/Container/Container.php(637): Illuminate\\Foundation\\Application->resolve('blade.compiler', Array)
#5 /var/www/app/vendor/laravel/framework/src/Illuminate/Foundation/Application.php(781): Illuminate\\Container\\Container->make('blade.compiler', Array)
#6 /var/www/app/vendor/laravel/framework/src/Illuminate/Container/Container.php(1280): Illuminate\\Foundation\\Application->make('blade.compiler')
#7 /var/www/app/vendor/laravel/framework/src/Illuminate/View/ViewServiceProvider.php(150): Illuminate\\Container\\Container->offsetGet('blade.compiler')
#8 [internal function]: Illuminate\\View\\ViewServiceProvider->Illuminate\\View\\{closure}()
#9 /var/www/app/vendor/laravel/framework/src/Illuminate/View/Engines/EngineResolver.php(55): call_user_func(Object(Closure))
#10 /var/www/app/vendor/facade/ignition/src/IgnitionServiceProvider.php(389): Illuminate\\View\\Engines\\EngineResolver->resolve('blade')
#11 /var/www/app/vendor/facade/ignition/src/IgnitionServiceProvider.php(125): Facade\\Ignition\\IgnitionServiceProvider->hasCustomViewEnginesRegistered()
#12 /var/www/app/vendor/facade/ignition/src/IgnitionServiceProvider.php(84): Facade\\Ignition\\IgnitionServiceProvider->registerViewEngines()
#13 /var/www/app/vendor/laravel/framework/src/Illuminate/Container/BoundMethod.php(36): Facade\\Ignition\\IgnitionServiceProvider->boot()
#14 /var/www/app/vendor/laravel/framework/src/Illuminate/Container/Util.php(40): Illuminate\\Container\\BoundMethod::Illuminate\\Container\\{closure}()
#15 /var/www/app/vendor/laravel/framework/src/Illuminate/Container/BoundMethod.php(93): Illuminate\\Container\\Util::unwrapIfClosure(Object(Closure))
#16 /var/www/app/vendor/laravel/framework/src/Illuminate/Container/BoundMethod.php(37): Illuminate\\Container\\BoundMethod::callBoundMethod(Object(Illuminate\\Foundation\\Application), Array, Object(Closure))
#17 /var/www/app/vendor/laravel/framework/src/Illuminate/Container/Container.php(596): Illuminate\\Container\\BoundMethod::call(Object(Illuminate\\Foundation\\Application), Array, Array, NULL)
#18 /var/www/app/vendor/laravel/framework/src/Illuminate/Foundation/Application.php(869): Illuminate\\Container\\Container->call(Array)
#19 /var/www/app/vendor/laravel/framework/src/Illuminate/Foundation/Application.php(850): Illuminate\\Foundation\\Application->bootProvider(Object(Facade\\Ignition\\IgnitionServiceProvider))
#20 [internal function]: Illuminate\\Foundation\\Application->Illuminate\\Foundation\\{closure}(Object(Facade\\Ignition\\IgnitionServiceProvider), 14)
#21 /var/www/app/vendor/laravel/framework/src/Illuminate/Foundation/Application.php(851): array_walk(Array, Object(Closure))
#22 /var/www/app/vendor/laravel/framework/src/Illuminate/Foundation/Bootstrap/BootProviders.php(17): Illuminate\\Foundation\\Application->boot()
#23 /var/www/app/vendor/laravel/framework/src/Illuminate/Foundation/Application.php(230): Illuminate\\Foundation\\Bootstrap\\BootProviders->bootstrap(Object(Illuminate\\Foundation\\Application))
#24 /var/www/app/vendor/laravel/framework/src/Illuminate/Foundation/Http/Kernel.php(152): Illuminate\\Foundation\\Application->bootstrapWith(Array)
#25 /var/www/app/vendor/laravel/framework/src/Illuminate/Foundation/Http/Kernel.php(136): Illuminate\\Foundation\\Http\\Kernel->bootstrap()
#26 /var/www/app/vendor/laravel/framework/src/Illuminate/Foundation/Http/Kernel.php(110): Illuminate\\Foundation\\Http\\Kernel->sendRequestThroughRouter(Object(Illuminate\\Http\\Request))
#27 /var/www/app/public/index.php(52): Illuminate\\Foundation\\Http\\Kernel->handle(Object(Illuminate\\Http\\Request))
#28 {main}
"} 
[2020-11-09 11:07:08] local.ERROR: Please provide a valid cache path. {"exception":"[object] (InvalidArgumentException(code: 0): Please provide a valid cache path. at /var/www/app/vendor/laravel/framework/src/Illuminate/View/Compilers/Compiler.php:36)
[stacktrace]
#0 /var/www/app/vendor/laravel/framework/src/Illuminate/View/ViewServiceProvider.php(88): Illuminate\\View\\Compilers\\Compiler->__construct(Object(Illuminate\\Filesystem\\Filesystem), false)
#1 /var/www/app/vendor/laravel/framework/src/Illuminate/Container/Container.php(805): Illuminate\\View\\ViewServiceProvider->Illuminate\\View\\{closure}(Object(Illuminate\\Foundation\\Application), Array)
#2 /var/www/app/vendor/laravel/framework/src/Illuminate/Container/Container.php(691): Illuminate\\Container\\Container->build(Object(Closure))
#3 /var/www/app/vendor/laravel/framework/src/Illuminate/Foundation/Application.php(796): Illuminate\\Container\\Container->resolve('blade.compiler', Array, true)
#4 /var/www/app/vendor/laravel/framework/src/Illuminate/Container/Container.php(637): Illuminate\\Foundation\\Application->resolve('blade.compiler', Array)
#5 /var/www/app/vendor/laravel/framework/src/Illuminate/Foundation/Application.php(781): Illuminate\\Container\\Container->make('blade.compiler', Array)
#6 /var/www/app/vendor/laravel/framework/src/Illuminate/Container/Container.php(1280): Illuminate\\Foundation\\Application->make('blade.compiler')
#7 /var/www/app/vendor/laravel/framework/src/Illuminate/View/ViewServiceProvider.php(150): Illuminate\\Container\\Container->offsetGet('blade.compiler')
#8 [internal function]: Illuminate\\View\\ViewServiceProvider->Illuminate\\View\\{closure}()
#9 /var/www/app/vendor/laravel/framework/src/Illuminate/View/Engines/EngineResolver.php(55): call_user_func(Object(Closure))
#10 /var/www/app/vendor/facade/ignition/src/IgnitionServiceProvider.php(389): Illuminate\\View\\Engines\\EngineResolver->resolve('blade')
#11 /var/www/app/vendor/facade/ignition/src/IgnitionServiceProvider.php(125): Facade\\Ignition\\IgnitionServiceProvider->hasCustomViewEnginesRegistered()
#12 /var/www/app/vendor/facade/ignition/src/IgnitionServiceProvider.php(84): Facade\\Ignition\\IgnitionServiceProvider->registerViewEngines()
#13 /var/www/app/vendor/laravel/framework/src/Illuminate/Container/BoundMethod.php(36): Facade\\Ignition\\IgnitionServiceProvider->boot()
#14 /var/www/app/vendor/laravel/framework/src/Illuminate/Container/Util.php(40): Illuminate\\Container\\BoundMethod::Illuminate\\Container\\{closure}()
#15 /var/www/app/vendor/laravel/framework/src/Illuminate/Container/BoundMethod.php(93): Illuminate\\Container\\Util::unwrapIfClosure(Object(Closure))
#16 /var/www/app/vendor/laravel/framework/src/Illuminate/Container/BoundMethod.php(37): Illuminate\\Container\\BoundMethod::callBoundMethod(Object(Illuminate\\Foundation\\Application), Array, Object(Closure))
#17 /var/www/app/vendor/laravel/framework/src/Illuminate/Container/Container.php(596): Illuminate\\Container\\BoundMethod::call(Object(Illuminate\\Foundation\\Application), Array, Array, NULL)
#18 /var/www/app/vendor/laravel/framework/src/Illuminate/Foundation/Application.php(869): Illuminate\\Container\\Container->call(Array)
#19 /var/www/app/vendor/laravel/framework/src/Illuminate/Foundation/Application.php(850): Illuminate\\Foundation\\Application->bootProvider(Object(Facade\\Ignition\\IgnitionServiceProvider))
#20 [internal function]: Illuminate\\Foundation\\Application->Illuminate\\Foundation\\{closure}(Object(Facade\\Ignition\\IgnitionServiceProvider), 14)
#21 /var/www/app/vendor/laravel/framework/src/Illuminate/Foundation/Application.php(851): array_walk(Array, Object(Closure))
#22 /var/www/app/vendor/laravel/framework/src/Illuminate/Foundation/Bootstrap/BootProviders.php(17): Illuminate\\Foundation\\Application->boot()
#23 /var/www/app/vendor/laravel/framework/src/Illuminate/Foundation/Application.php(230): Illuminate\\Foundation\\Bootstrap\\BootProviders->bootstrap(Object(Illuminate\\Foundation\\Application))
#24 /var/www/app/vendor/laravel/framework/src/Illuminate/Foundation/Http/Kernel.php(152): Illuminate\\Foundation\\Application->bootstrapWith(Array)
#25 /var/www/app/vendor/laravel/framework/src/Illuminate/Foundation/Http/Kernel.php(136): Illuminate\\Foundation\\Http\\Kernel->bootstrap()
#26 /var/www/app/vendor/laravel/framework/src/Illuminate/Foundation/Http/Kernel.php(110): Illuminate\\Foundation\\Http\\Kernel->sendRequestThroughRouter(Object(Illuminate\\Http\\Request))
#27 /var/www/app/public/index.php(52): Illuminate\\Foundation\\Http\\Kernel->handle(Object(Illuminate\\Http\\Request))
#28 {main}
"} 
[2020-11-09 11:07:21] local.ERROR: Please provide a valid cache path. {"exception":"[object] (InvalidArgumentException(code: 0): Please provide a valid cache path. at /var/www/app/vendor/laravel/framework/src/Illuminate/View/Compilers/Compiler.php:36)
[stacktrace]
#0 /var/www/app/vendor/laravel/framework/src/Illuminate/View/ViewServiceProvider.php(88): Illuminate\\View\\Compilers\\Compiler->__construct(Object(Illuminate\\Filesystem\\Filesystem), false)
#1 /var/www/app/vendor/laravel/framework/src/Illuminate/Container/Container.php(805): Illuminate\\View\\ViewServiceProvider->Illuminate\\View\\{closure}(Object(Illuminate\\Foundation\\Application), Array)
#2 /var/www/app/vendor/laravel/framework/src/Illuminate/Container/Container.php(691): Illuminate\\Container\\Container->build(Object(Closure))
#3 /var/www/app/vendor/laravel/framework/src/Illuminate/Foundation/Application.php(796): Illuminate\\Container\\Container->resolve('blade.compiler', Array, true)
#4 /var/www/app/vendor/laravel/framework/src/Illuminate/Container/Container.php(637): Illuminate\\Foundation\\Application->resolve('blade.compiler', Array)
#5 /var/www/app/vendor/laravel/framework/src/Illuminate/Foundation/Application.php(781): Illuminate\\Container\\Container->make('blade.compiler', Array)
#6 /var/www/app/vendor/laravel/framework/src/Illuminate/Container/Container.php(1280): Illuminate\\Foundation\\Application->make('blade.compiler')
#7 /var/www/app/vendor/laravel/framework/src/Illuminate/View/ViewServiceProvider.php(150): Illuminate\\Container\\Container->offsetGet('blade.compiler')
#8 [internal function]: Illuminate\\View\\ViewServiceProvider->Illuminate\\View\\{closure}()
#9 /var/www/app/vendor/laravel/framework/src/Illuminate/View/Engines/EngineResolver.php(55): call_user_func(Object(Closure))
#10 /var/www/app/vendor/facade/ignition/src/IgnitionServiceProvider.php(389): Illuminate\\View\\Engines\\EngineResolver->resolve('blade')
#11 /var/www/app/vendor/facade/ignition/src/IgnitionServiceProvider.php(125): Facade\\Ignition\\IgnitionServiceProvider->hasCustomViewEnginesRegistered()
#12 /var/www/app/vendor/facade/ignition/src/IgnitionServiceProvider.php(84): Facade\\Ignition\\IgnitionServiceProvider->registerViewEngines()
#13 /var/www/app/vendor/laravel/framework/src/Illuminate/Container/BoundMethod.php(36): Facade\\Ignition\\IgnitionServiceProvider->boot()
#14 /var/www/app/vendor/laravel/framework/src/Illuminate/Container/Util.php(40): Illuminate\\Container\\BoundMethod::Illuminate\\Container\\{closure}()
#15 /var/www/app/vendor/laravel/framework/src/Illuminate/Container/BoundMethod.php(93): Illuminate\\Container\\Util::unwrapIfClosure(Object(Closure))
#16 /var/www/app/vendor/laravel/framework/src/Illuminate/Container/BoundMethod.php(37): Illuminate\\Container\\BoundMethod::callBoundMethod(Object(Illuminate\\Foundation\\Application), Array, Object(Closure))
#17 /var/www/app/vendor/laravel/framework/src/Illuminate/Container/Container.php(596): Illuminate\\Container\\BoundMethod::call(Object(Illuminate\\Foundation\\Application), Array, Array, NULL)
#18 /var/www/app/vendor/laravel/framework/src/Illuminate/Foundation/Application.php(869): Illuminate\\Container\\Container->call(Array)
#19 /var/www/app/vendor/laravel/framework/src/Illuminate/Foundation/Application.php(850): Illuminate\\Foundation\\Application->bootProvider(Object(Facade\\Ignition\\IgnitionServiceProvider))
#20 [internal function]: Illuminate\\Foundation\\Application->Illuminate\\Foundation\\{closure}(Object(Facade\\Ignition\\IgnitionServiceProvider), 14)
#21 /var/www/app/vendor/laravel/framework/src/Illuminate/Foundation/Application.php(851): array_walk(Array, Object(Closure))
#22 /var/www/app/vendor/laravel/framework/src/Illuminate/Foundation/Bootstrap/BootProviders.php(17): Illuminate\\Foundation\\Application->boot()
#23 /var/www/app/vendor/laravel/framework/src/Illuminate/Foundation/Application.php(230): Illuminate\\Foundation\\Bootstrap\\BootProviders->bootstrap(Object(Illuminate\\Foundation\\Application))
#24 /var/www/app/vendor/laravel/framework/src/Illuminate/Foundation/Http/Kernel.php(152): Illuminate\\Foundation\\Application->bootstrapWith(Array)
#25 /var/www/app/vendor/laravel/framework/src/Illuminate/Foundation/Http/Kernel.php(136): Illuminate\\Foundation\\Http\\Kernel->bootstrap()
#26 /var/www/app/vendor/laravel/framework/src/Illuminate/Foundation/Http/Kernel.php(110): Illuminate\\Foundation\\Http\\Kernel->sendRequestThroughRouter(Object(Illuminate\\Http\\Request))
#27 /var/www/app/public/index.php(52): Illuminate\\Foundation\\Http\\Kernel->handle(Object(Illuminate\\Http\\Request))
#28 {main}
"} 
[2020-11-09 12:08:11] local.ERROR: Please provide a valid cache path. {"exception":"[object] (InvalidArgumentException(code: 0): Please provide a valid cache path. at /var/www/app/vendor/laravel/framework/src/Illuminate/View/Compilers/Compiler.php:36)
[stacktrace]
#0 /var/www/app/vendor/laravel/framework/src/Illuminate/View/ViewServiceProvider.php(88): Illuminate\\View\\Compilers\\Compiler->__construct(Object(Illuminate\\Filesystem\\Filesystem), false)
#1 /var/www/app/vendor/laravel/framework/src/Illuminate/Container/Container.php(805): Illuminate\\View\\ViewServiceProvider->Illuminate\\View\\{closure}(Object(Illuminate\\Foundation\\Application), Array)
#2 /var/www/app/vendor/laravel/framework/src/Illuminate/Container/Container.php(691): Illuminate\\Container\\Container->build(Object(Closure))
#3 /var/www/app/vendor/laravel/framework/src/Illuminate/Foundation/Application.php(796): Illuminate\\Container\\Container->resolve('blade.compiler', Array, true)
#4 /var/www/app/vendor/laravel/framework/src/Illuminate/Container/Container.php(637): Illuminate\\Foundation\\Application->resolve('blade.compiler', Array)
#5 /var/www/app/vendor/laravel/framework/src/Illuminate/Foundation/Application.php(781): Illuminate\\Container\\Container->make('blade.compiler', Array)
#6 /var/www/app/vendor/laravel/framework/src/Illuminate/Container/Container.php(1280): Illuminate\\Foundation\\Application->make('blade.compiler')
#7 /var/www/app/vendor/laravel/framework/src/Illuminate/View/ViewServiceProvider.php(150): Illuminate\\Container\\Container->offsetGet('blade.compiler')
#8 [internal function]: Illuminate\\View\\ViewServiceProvider->Illuminate\\View\\{closure}()
#9 /var/www/app/vendor/laravel/framework/src/Illuminate/View/Engines/EngineResolver.php(55): call_user_func(Object(Closure))
#10 /var/www/app/vendor/facade/ignition/src/IgnitionServiceProvider.php(389): Illuminate\\View\\Engines\\EngineResolver->resolve('blade')
#11 /var/www/app/vendor/facade/ignition/src/IgnitionServiceProvider.php(125): Facade\\Ignition\\IgnitionServiceProvider->hasCustomViewEnginesRegistered()
#12 /var/www/app/vendor/facade/ignition/src/IgnitionServiceProvider.php(84): Facade\\Ignition\\IgnitionServiceProvider->registerViewEngines()
#13 /var/www/app/vendor/laravel/framework/src/Illuminate/Container/BoundMethod.php(36): Facade\\Ignition\\IgnitionServiceProvider->boot()
#14 /var/www/app/vendor/laravel/framework/src/Illuminate/Container/Util.php(40): Illuminate\\Container\\BoundMethod::Illuminate\\Container\\{closure}()
#15 /var/www/app/vendor/laravel/framework/src/Illuminate/Container/BoundMethod.php(93): Illuminate\\Container\\Util::unwrapIfClosure(Object(Closure))
#16 /var/www/app/vendor/laravel/framework/src/Illuminate/Container/BoundMethod.php(37): Illuminate\\Container\\BoundMethod::callBoundMethod(Object(Illuminate\\Foundation\\Application), Array, Object(Closure))
#17 /var/www/app/vendor/laravel/framework/src/Illuminate/Container/Container.php(596): Illuminate\\Container\\BoundMethod::call(Object(Illuminate\\Foundation\\Application), Array, Array, NULL)
#18 /var/www/app/vendor/laravel/framework/src/Illuminate/Foundation/Application.php(869): Illuminate\\Container\\Container->call(Array)
#19 /var/www/app/vendor/laravel/framework/src/Illuminate/Foundation/Application.php(850): Illuminate\\Foundation\\Application->bootProvider(Object(Facade\\Ignition\\IgnitionServiceProvider))
#20 [internal function]: Illuminate\\Foundation\\Application->Illuminate\\Foundation\\{closure}(Object(Facade\\Ignition\\IgnitionServiceProvider), 14)
#21 /var/www/app/vendor/laravel/framework/src/Illuminate/Foundation/Application.php(851): array_walk(Array, Object(Closure))
#22 /var/www/app/vendor/laravel/framework/src/Illuminate/Foundation/Bootstrap/BootProviders.php(17): Illuminate\\Foundation\\Application->boot()
#23 /var/www/app/vendor/laravel/framework/src/Illuminate/Foundation/Application.php(230): Illuminate\\Foundation\\Bootstrap\\BootProviders->bootstrap(Object(Illuminate\\Foundation\\Application))
#24 /var/www/app/vendor/laravel/framework/src/Illuminate/Foundation/Http/Kernel.php(152): Illuminate\\Foundation\\Application->bootstrapWith(Array)
#25 /var/www/app/vendor/laravel/framework/src/Illuminate/Foundation/Http/Kernel.php(136): Illuminate\\Foundation\\Http\\Kernel->bootstrap()
#26 /var/www/app/vendor/laravel/framework/src/Illuminate/Foundation/Http/Kernel.php(110): Illuminate\\Foundation\\Http\\Kernel->sendRequestThroughRouter(Object(Illuminate\\Http\\Request))
#27 /var/www/app/public/index.php(52): Illuminate\\Foundation\\Http\\Kernel->handle(Object(Illuminate\\Http\\Request))
#28 {main}
"} 
[2020-11-09 12:08:57] local.ERROR: Please provide a valid cache path. {"exception":"[object] (InvalidArgumentException(code: 0): Please provide a valid cache path. at /var/www/app/vendor/laravel/framework/src/Illuminate/View/Compilers/Compiler.php:36)
[stacktrace]
#0 /var/www/app/vendor/laravel/framework/src/Illuminate/View/ViewServiceProvider.php(88): Illuminate\\View\\Compilers\\Compiler->__construct(Object(Illuminate\\Filesystem\\Filesystem), false)
#1 /var/www/app/vendor/laravel/framework/src/Illuminate/Container/Container.php(805): Illuminate\\View\\ViewServiceProvider->Illuminate\\View\\{closure}(Object(Illuminate\\Foundation\\Application), Array)
#2 /var/www/app/vendor/laravel/framework/src/Illuminate/Container/Container.php(691): Illuminate\\Container\\Container->build(Object(Closure))
#3 /var/www/app/vendor/laravel/framework/src/Illuminate/Foundation/Application.php(796): Illuminate\\Container\\Container->resolve('blade.compiler', Array, true)
#4 /var/www/app/vendor/laravel/framework/src/Illuminate/Container/Container.php(637): Illuminate\\Foundation\\Application->resolve('blade.compiler', Array)
#5 /var/www/app/vendor/laravel/framework/src/Illuminate/Foundation/Application.php(781): Illuminate\\Container\\Container->make('blade.compiler', Array)
#6 /var/www/app/vendor/laravel/framework/src/Illuminate/Container/Container.php(1280): Illuminate\\Foundation\\Application->make('blade.compiler')
#7 /var/www/app/vendor/laravel/framework/src/Illuminate/View/ViewServiceProvider.php(150): Illuminate\\Container\\Container->offsetGet('blade.compiler')
#8 [internal function]: Illuminate\\View\\ViewServiceProvider->Illuminate\\View\\{closure}()
#9 /var/www/app/vendor/laravel/framework/src/Illuminate/View/Engines/EngineResolver.php(55): call_user_func(Object(Closure))
#10 /var/www/app/vendor/facade/ignition/src/IgnitionServiceProvider.php(389): Illuminate\\View\\Engines\\EngineResolver->resolve('blade')
#11 /var/www/app/vendor/facade/ignition/src/IgnitionServiceProvider.php(125): Facade\\Ignition\\IgnitionServiceProvider->hasCustomViewEnginesRegistered()
#12 /var/www/app/vendor/facade/ignition/src/IgnitionServiceProvider.php(84): Facade\\Ignition\\IgnitionServiceProvider->registerViewEngines()
#13 /var/www/app/vendor/laravel/framework/src/Illuminate/Container/BoundMethod.php(36): Facade\\Ignition\\IgnitionServiceProvider->boot()
#14 /var/www/app/vendor/laravel/framework/src/Illuminate/Container/Util.php(40): Illuminate\\Container\\BoundMethod::Illuminate\\Container\\{closure}()
#15 /var/www/app/vendor/laravel/framework/src/Illuminate/Container/BoundMethod.php(93): Illuminate\\Container\\Util::unwrapIfClosure(Object(Closure))
#16 /var/www/app/vendor/laravel/framework/src/Illuminate/Container/BoundMethod.php(37): Illuminate\\Container\\BoundMethod::callBoundMethod(Object(Illuminate\\Foundation\\Application), Array, Object(Closure))
#17 /var/www/app/vendor/laravel/framework/src/Illuminate/Container/Container.php(596): Illuminate\\Container\\BoundMethod::call(Object(Illuminate\\Foundation\\Application), Array, Array, NULL)
#18 /var/www/app/vendor/laravel/framework/src/Illuminate/Foundation/Application.php(869): Illuminate\\Container\\Container->call(Array)
#19 /var/www/app/vendor/laravel/framework/src/Illuminate/Foundation/Application.php(850): Illuminate\\Foundation\\Application->bootProvider(Object(Facade\\Ignition\\IgnitionServiceProvider))
#20 [internal function]: Illuminate\\Foundation\\Application->Illuminate\\Foundation\\{closure}(Object(Facade\\Ignition\\IgnitionServiceProvider), 14)
#21 /var/www/app/vendor/laravel/framework/src/Illuminate/Foundation/Application.php(851): array_walk(Array, Object(Closure))
#22 /var/www/app/vendor/laravel/framework/src/Illuminate/Foundation/Bootstrap/BootProviders.php(17): Illuminate\\Foundation\\Application->boot()
#23 /var/www/app/vendor/laravel/framework/src/Illuminate/Foundation/Application.php(230): Illuminate\\Foundation\\Bootstrap\\BootProviders->bootstrap(Object(Illuminate\\Foundation\\Application))
#24 /var/www/app/vendor/laravel/framework/src/Illuminate/Foundation/Http/Kernel.php(152): Illuminate\\Foundation\\Application->bootstrapWith(Array)
#25 /var/www/app/vendor/laravel/framework/src/Illuminate/Foundation/Http/Kernel.php(136): Illuminate\\Foundation\\Http\\Kernel->bootstrap()
#26 /var/www/app/vendor/laravel/framework/src/Illuminate/Foundation/Http/Kernel.php(110): Illuminate\\Foundation\\Http\\Kernel->sendRequestThroughRouter(Object(Illuminate\\Http\\Request))
#27 /var/www/app/public/index.php(52): Illuminate\\Foundation\\Http\\Kernel->handle(Object(Illuminate\\Http\\Request))
#28 {main}
"} 
[2020-11-09 12:15:20] local.ERROR: Please provide a valid cache path. {"exception":"[object] (InvalidArgumentException(code: 0): Please provide a valid cache path. at /var/www/app/vendor/laravel/framework/src/Illuminate/View/Compilers/Compiler.php:36)
[stacktrace]
#0 /var/www/app/vendor/laravel/framework/src/Illuminate/View/ViewServiceProvider.php(88): Illuminate\\View\\Compilers\\Compiler->__construct(Object(Illuminate\\Filesystem\\Filesystem), false)
#1 /var/www/app/vendor/laravel/framework/src/Illuminate/Container/Container.php(805): Illuminate\\View\\ViewServiceProvider->Illuminate\\View\\{closure}(Object(Illuminate\\Foundation\\Application), Array)
#2 /var/www/app/vendor/laravel/framework/src/Illuminate/Container/Container.php(691): Illuminate\\Container\\Container->build(Object(Closure))
#3 /var/www/app/vendor/laravel/framework/src/Illuminate/Foundation/Application.php(796): Illuminate\\Container\\Container->resolve('blade.compiler', Array, true)
#4 /var/www/app/vendor/laravel/framework/src/Illuminate/Container/Container.php(637): Illuminate\\Foundation\\Application->resolve('blade.compiler', Array)
#5 /var/www/app/vendor/laravel/framework/src/Illuminate/Foundation/Application.php(781): Illuminate\\Container\\Container->make('blade.compiler', Array)
#6 /var/www/app/vendor/laravel/framework/src/Illuminate/Container/Container.php(1280): Illuminate\\Foundation\\Application->make('blade.compiler')
#7 /var/www/app/vendor/laravel/framework/src/Illuminate/View/ViewServiceProvider.php(150): Illuminate\\Container\\Container->offsetGet('blade.compiler')
#8 [internal function]: Illuminate\\View\\ViewServiceProvider->Illuminate\\View\\{closure}()
#9 /var/www/app/vendor/laravel/framework/src/Illuminate/View/Engines/EngineResolver.php(55): call_user_func(Object(Closure))
#10 /var/www/app/vendor/facade/ignition/src/IgnitionServiceProvider.php(389): Illuminate\\View\\Engines\\EngineResolver->resolve('blade')
#11 /var/www/app/vendor/facade/ignition/src/IgnitionServiceProvider.php(125): Facade\\Ignition\\IgnitionServiceProvider->hasCustomViewEnginesRegistered()
#12 /var/www/app/vendor/facade/ignition/src/IgnitionServiceProvider.php(84): Facade\\Ignition\\IgnitionServiceProvider->registerViewEngines()
#13 /var/www/app/vendor/laravel/framework/src/Illuminate/Container/BoundMethod.php(36): Facade\\Ignition\\IgnitionServiceProvider->boot()
#14 /var/www/app/vendor/laravel/framework/src/Illuminate/Container/Util.php(40): Illuminate\\Container\\BoundMethod::Illuminate\\Container\\{closure}()
#15 /var/www/app/vendor/laravel/framework/src/Illuminate/Container/BoundMethod.php(93): Illuminate\\Container\\Util::unwrapIfClosure(Object(Closure))
#16 /var/www/app/vendor/laravel/framework/src/Illuminate/Container/BoundMethod.php(37): Illuminate\\Container\\BoundMethod::callBoundMethod(Object(Illuminate\\Foundation\\Application), Array, Object(Closure))
#17 /var/www/app/vendor/laravel/framework/src/Illuminate/Container/Container.php(596): Illuminate\\Container\\BoundMethod::call(Object(Illuminate\\Foundation\\Application), Array, Array, NULL)
#18 /var/www/app/vendor/laravel/framework/src/Illuminate/Foundation/Application.php(869): Illuminate\\Container\\Container->call(Array)
#19 /var/www/app/vendor/laravel/framework/src/Illuminate/Foundation/Application.php(850): Illuminate\\Foundation\\Application->bootProvider(Object(Facade\\Ignition\\IgnitionServiceProvider))
#20 [internal function]: Illuminate\\Foundation\\Application->Illuminate\\Foundation\\{closure}(Object(Facade\\Ignition\\IgnitionServiceProvider), 14)
#21 /var/www/app/vendor/laravel/framework/src/Illuminate/Foundation/Application.php(851): array_walk(Array, Object(Closure))
#22 /var/www/app/vendor/laravel/framework/src/Illuminate/Foundation/Bootstrap/BootProviders.php(17): Illuminate\\Foundation\\Application->boot()
#23 /var/www/app/vendor/laravel/framework/src/Illuminate/Foundation/Application.php(230): Illuminate\\Foundation\\Bootstrap\\BootProviders->bootstrap(Object(Illuminate\\Foundation\\Application))
#24 /var/www/app/vendor/laravel/framework/src/Illuminate/Foundation/Http/Kernel.php(152): Illuminate\\Foundation\\Application->bootstrapWith(Array)
#25 /var/www/app/vendor/laravel/framework/src/Illuminate/Foundation/Http/Kernel.php(136): Illuminate\\Foundation\\Http\\Kernel->bootstrap()
#26 /var/www/app/vendor/laravel/framework/src/Illuminate/Foundation/Http/Kernel.php(110): Illuminate\\Foundation\\Http\\Kernel->sendRequestThroughRouter(Object(Illuminate\\Http\\Request))
#27 /var/www/app/public/index.php(52): Illuminate\\Foundation\\Http\\Kernel->handle(Object(Illuminate\\Http\\Request))
#28 {main}
"} 
[2020-11-09 12:17:42] local.ERROR: Please provide a valid cache path. {"exception":"[object] (InvalidArgumentException(code: 0): Please provide a valid cache path. at /var/www/app/vendor/laravel/framework/src/Illuminate/View/Compilers/Compiler.php:36)
[stacktrace]
#0 /var/www/app/vendor/laravel/framework/src/Illuminate/View/ViewServiceProvider.php(88): Illuminate\\View\\Compilers\\Compiler->__construct(Object(Illuminate\\Filesystem\\Filesystem), false)
#1 /var/www/app/vendor/laravel/framework/src/Illuminate/Container/Container.php(805): Illuminate\\View\\ViewServiceProvider->Illuminate\\View\\{closure}(Object(Illuminate\\Foundation\\Application), Array)
#2 /var/www/app/vendor/laravel/framework/src/Illuminate/Container/Container.php(691): Illuminate\\Container\\Container->build(Object(Closure))
#3 /var/www/app/vendor/laravel/framework/src/Illuminate/Foundation/Application.php(796): Illuminate\\Container\\Container->resolve('blade.compiler', Array, true)
#4 /var/www/app/vendor/laravel/framework/src/Illuminate/Container/Container.php(637): Illuminate\\Foundation\\Application->resolve('blade.compiler', Array)
#5 /var/www/app/vendor/laravel/framework/src/Illuminate/Foundation/Application.php(781): Illuminate\\Container\\Container->make('blade.compiler', Array)
#6 /var/www/app/vendor/laravel/framework/src/Illuminate/Container/Container.php(1280): Illuminate\\Foundation\\Application->make('blade.compiler')
#7 /var/www/app/vendor/laravel/framework/src/Illuminate/View/ViewServiceProvider.php(150): Illuminate\\Container\\Container->offsetGet('blade.compiler')
#8 [internal function]: Illuminate\\View\\ViewServiceProvider->Illuminate\\View\\{closure}()
#9 /var/www/app/vendor/laravel/framework/src/Illuminate/View/Engines/EngineResolver.php(55): call_user_func(Object(Closure))
#10 /var/www/app/vendor/facade/ignition/src/IgnitionServiceProvider.php(389): Illuminate\\View\\Engines\\EngineResolver->resolve('blade')
#11 /var/www/app/vendor/facade/ignition/src/IgnitionServiceProvider.php(125): Facade\\Ignition\\IgnitionServiceProvider->hasCustomViewEnginesRegistered()
#12 /var/www/app/vendor/facade/ignition/src/IgnitionServiceProvider.php(84): Facade\\Ignition\\IgnitionServiceProvider->registerViewEngines()
#13 /var/www/app/vendor/laravel/framework/src/Illuminate/Container/BoundMethod.php(36): Facade\\Ignition\\IgnitionServiceProvider->boot()
#14 /var/www/app/vendor/laravel/framework/src/Illuminate/Container/Util.php(40): Illuminate\\Container\\BoundMethod::Illuminate\\Container\\{closure}()
#15 /var/www/app/vendor/laravel/framework/src/Illuminate/Container/BoundMethod.php(93): Illuminate\\Container\\Util::unwrapIfClosure(Object(Closure))
#16 /var/www/app/vendor/laravel/framework/src/Illuminate/Container/BoundMethod.php(37): Illuminate\\Container\\BoundMethod::callBoundMethod(Object(Illuminate\\Foundation\\Application), Array, Object(Closure))
#17 /var/www/app/vendor/laravel/framework/src/Illuminate/Container/Container.php(596): Illuminate\\Container\\BoundMethod::call(Object(Illuminate\\Foundation\\Application), Array, Array, NULL)
#18 /var/www/app/vendor/laravel/framework/src/Illuminate/Foundation/Application.php(869): Illuminate\\Container\\Container->call(Array)
#19 /var/www/app/vendor/laravel/framework/src/Illuminate/Foundation/Application.php(850): Illuminate\\Foundation\\Application->bootProvider(Object(Facade\\Ignition\\IgnitionServiceProvider))
#20 [internal function]: Illuminate\\Foundation\\Application->Illuminate\\Foundation\\{closure}(Object(Facade\\Ignition\\IgnitionServiceProvider), 14)
#21 /var/www/app/vendor/laravel/framework/src/Illuminate/Foundation/Application.php(851): array_walk(Array, Object(Closure))
#22 /var/www/app/vendor/laravel/framework/src/Illuminate/Foundation/Bootstrap/BootProviders.php(17): Illuminate\\Foundation\\Application->boot()
#23 /var/www/app/vendor/laravel/framework/src/Illuminate/Foundation/Application.php(230): Illuminate\\Foundation\\Bootstrap\\BootProviders->bootstrap(Object(Illuminate\\Foundation\\Application))
#24 /var/www/app/vendor/laravel/framework/src/Illuminate/Foundation/Http/Kernel.php(152): Illuminate\\Foundation\\Application->bootstrapWith(Array)
#25 /var/www/app/vendor/laravel/framework/src/Illuminate/Foundation/Http/Kernel.php(136): Illuminate\\Foundation\\Http\\Kernel->bootstrap()
#26 /var/www/app/vendor/laravel/framework/src/Illuminate/Foundation/Http/Kernel.php(110): Illuminate\\Foundation\\Http\\Kernel->sendRequestThroughRouter(Object(Illuminate\\Http\\Request))
#27 /var/www/app/public/index.php(52): Illuminate\\Foundation\\Http\\Kernel->handle(Object(Illuminate\\Http\\Request))
#28 {main}
"} 
[2020-11-09 12:21:41] local.ERROR: Please provide a valid cache path. {"exception":"[object] (InvalidArgumentException(code: 0): Please provide a valid cache path. at /var/www/app/vendor/laravel/framework/src/Illuminate/View/Compilers/Compiler.php:36)
[stacktrace]
#0 /var/www/app/vendor/laravel/framework/src/Illuminate/View/ViewServiceProvider.php(88): Illuminate\\View\\Compilers\\Compiler->__construct(Object(Illuminate\\Filesystem\\Filesystem), false)
#1 /var/www/app/vendor/laravel/framework/src/Illuminate/Container/Container.php(805): Illuminate\\View\\ViewServiceProvider->Illuminate\\View\\{closure}(Object(Illuminate\\Foundation\\Application), Array)
#2 /var/www/app/vendor/laravel/framework/src/Illuminate/Container/Container.php(691): Illuminate\\Container\\Container->build(Object(Closure))
#3 /var/www/app/vendor/laravel/framework/src/Illuminate/Foundation/Application.php(796): Illuminate\\Container\\Container->resolve('blade.compiler', Array, true)
#4 /var/www/app/vendor/laravel/framework/src/Illuminate/Container/Container.php(637): Illuminate\\Foundation\\Application->resolve('blade.compiler', Array)
#5 /var/www/app/vendor/laravel/framework/src/Illuminate/Foundation/Application.php(781): Illuminate\\Container\\Container->make('blade.compiler', Array)
#6 /var/www/app/vendor/laravel/framework/src/Illuminate/Container/Container.php(1280): Illuminate\\Foundation\\Application->make('blade.compiler')
#7 /var/www/app/vendor/laravel/framework/src/Illuminate/View/ViewServiceProvider.php(150): Illuminate\\Container\\Container->offsetGet('blade.compiler')
#8 [internal function]: Illuminate\\View\\ViewServiceProvider->Illuminate\\View\\{closure}()
#9 /var/www/app/vendor/laravel/framework/src/Illuminate/View/Engines/EngineResolver.php(55): call_user_func(Object(Closure))
#10 /var/www/app/vendor/facade/ignition/src/IgnitionServiceProvider.php(389): Illuminate\\View\\Engines\\EngineResolver->resolve('blade')
#11 /var/www/app/vendor/facade/ignition/src/IgnitionServiceProvider.php(125): Facade\\Ignition\\IgnitionServiceProvider->hasCustomViewEnginesRegistered()
#12 /var/www/app/vendor/facade/ignition/src/IgnitionServiceProvider.php(84): Facade\\Ignition\\IgnitionServiceProvider->registerViewEngines()
#13 /var/www/app/vendor/laravel/framework/src/Illuminate/Container/BoundMethod.php(36): Facade\\Ignition\\IgnitionServiceProvider->boot()
#14 /var/www/app/vendor/laravel/framework/src/Illuminate/Container/Util.php(40): Illuminate\\Container\\BoundMethod::Illuminate\\Container\\{closure}()
#15 /var/www/app/vendor/laravel/framework/src/Illuminate/Container/BoundMethod.php(93): Illuminate\\Container\\Util::unwrapIfClosure(Object(Closure))
#16 /var/www/app/vendor/laravel/framework/src/Illuminate/Container/BoundMethod.php(37): Illuminate\\Container\\BoundMethod::callBoundMethod(Object(Illuminate\\Foundation\\Application), Array, Object(Closure))
#17 /var/www/app/vendor/laravel/framework/src/Illuminate/Container/Container.php(596): Illuminate\\Container\\BoundMethod::call(Object(Illuminate\\Foundation\\Application), Array, Array, NULL)
#18 /var/www/app/vendor/laravel/framework/src/Illuminate/Foundation/Application.php(869): Illuminate\\Container\\Container->call(Array)
#19 /var/www/app/vendor/laravel/framework/src/Illuminate/Foundation/Application.php(850): Illuminate\\Foundation\\Application->bootProvider(Object(Facade\\Ignition\\IgnitionServiceProvider))
#20 [internal function]: Illuminate\\Foundation\\Application->Illuminate\\Foundation\\{closure}(Object(Facade\\Ignition\\IgnitionServiceProvider), 14)
#21 /var/www/app/vendor/laravel/framework/src/Illuminate/Foundation/Application.php(851): array_walk(Array, Object(Closure))
#22 /var/www/app/vendor/laravel/framework/src/Illuminate/Foundation/Bootstrap/BootProviders.php(17): Illuminate\\Foundation\\Application->boot()
#23 /var/www/app/vendor/laravel/framework/src/Illuminate/Foundation/Application.php(230): Illuminate\\Foundation\\Bootstrap\\BootProviders->bootstrap(Object(Illuminate\\Foundation\\Application))
#24 /var/www/app/vendor/laravel/framework/src/Illuminate/Foundation/Http/Kernel.php(152): Illuminate\\Foundation\\Application->bootstrapWith(Array)
#25 /var/www/app/vendor/laravel/framework/src/Illuminate/Foundation/Http/Kernel.php(136): Illuminate\\Foundation\\Http\\Kernel->bootstrap()
#26 /var/www/app/vendor/laravel/framework/src/Illuminate/Foundation/Http/Kernel.php(110): Illuminate\\Foundation\\Http\\Kernel->sendRequestThroughRouter(Object(Illuminate\\Http\\Request))
#27 /var/www/app/public/index.php(52): Illuminate\\Foundation\\Http\\Kernel->handle(Object(Illuminate\\Http\\Request))
#28 {main}
"} 
[2020-11-09 12:22:29] local.ERROR: Please provide a valid cache path. {"exception":"[object] (InvalidArgumentException(code: 0): Please provide a valid cache path. at /var/www/app/vendor/laravel/framework/src/Illuminate/View/Compilers/Compiler.php:36)
[stacktrace]
#0 /var/www/app/vendor/laravel/framework/src/Illuminate/View/ViewServiceProvider.php(88): Illuminate\\View\\Compilers\\Compiler->__construct(Object(Illuminate\\Filesystem\\Filesystem), false)
#1 /var/www/app/vendor/laravel/framework/src/Illuminate/Container/Container.php(805): Illuminate\\View\\ViewServiceProvider->Illuminate\\View\\{closure}(Object(Illuminate\\Foundation\\Application), Array)
#2 /var/www/app/vendor/laravel/framework/src/Illuminate/Container/Container.php(691): Illuminate\\Container\\Container->build(Object(Closure))
#3 /var/www/app/vendor/laravel/framework/src/Illuminate/Foundation/Application.php(796): Illuminate\\Container\\Container->resolve('blade.compiler', Array, true)
#4 /var/www/app/vendor/laravel/framework/src/Illuminate/Container/Container.php(637): Illuminate\\Foundation\\Application->resolve('blade.compiler', Array)
#5 /var/www/app/vendor/laravel/framework/src/Illuminate/Foundation/Application.php(781): Illuminate\\Container\\Container->make('blade.compiler', Array)
#6 /var/www/app/vendor/laravel/framework/src/Illuminate/Container/Container.php(1280): Illuminate\\Foundation\\Application->make('blade.compiler')
#7 /var/www/app/vendor/laravel/framework/src/Illuminate/View/ViewServiceProvider.php(150): Illuminate\\Container\\Container->offsetGet('blade.compiler')
#8 [internal function]: Illuminate\\View\\ViewServiceProvider->Illuminate\\View\\{closure}()
#9 /var/www/app/vendor/laravel/framework/src/Illuminate/View/Engines/EngineResolver.php(55): call_user_func(Object(Closure))
#10 /var/www/app/vendor/facade/ignition/src/IgnitionServiceProvider.php(389): Illuminate\\View\\Engines\\EngineResolver->resolve('blade')
#11 /var/www/app/vendor/facade/ignition/src/IgnitionServiceProvider.php(125): Facade\\Ignition\\IgnitionServiceProvider->hasCustomViewEnginesRegistered()
#12 /var/www/app/vendor/facade/ignition/src/IgnitionServiceProvider.php(84): Facade\\Ignition\\IgnitionServiceProvider->registerViewEngines()
#13 /var/www/app/vendor/laravel/framework/src/Illuminate/Container/BoundMethod.php(36): Facade\\Ignition\\IgnitionServiceProvider->boot()
#14 /var/www/app/vendor/laravel/framework/src/Illuminate/Container/Util.php(40): Illuminate\\Container\\BoundMethod::Illuminate\\Container\\{closure}()
#15 /var/www/app/vendor/laravel/framework/src/Illuminate/Container/BoundMethod.php(93): Illuminate\\Container\\Util::unwrapIfClosure(Object(Closure))
#16 /var/www/app/vendor/laravel/framework/src/Illuminate/Container/BoundMethod.php(37): Illuminate\\Container\\BoundMethod::callBoundMethod(Object(Illuminate\\Foundation\\Application), Array, Object(Closure))
#17 /var/www/app/vendor/laravel/framework/src/Illuminate/Container/Container.php(596): Illuminate\\Container\\BoundMethod::call(Object(Illuminate\\Foundation\\Application), Array, Array, NULL)
#18 /var/www/app/vendor/laravel/framework/src/Illuminate/Foundation/Application.php(869): Illuminate\\Container\\Container->call(Array)
#19 /var/www/app/vendor/laravel/framework/src/Illuminate/Foundation/Application.php(850): Illuminate\\Foundation\\Application->bootProvider(Object(Facade\\Ignition\\IgnitionServiceProvider))
#20 [internal function]: Illuminate\\Foundation\\Application->Illuminate\\Foundation\\{closure}(Object(Facade\\Ignition\\IgnitionServiceProvider), 14)
#21 /var/www/app/vendor/laravel/framework/src/Illuminate/Foundation/Application.php(851): array_walk(Array, Object(Closure))
#22 /var/www/app/vendor/laravel/framework/src/Illuminate/Foundation/Bootstrap/BootProviders.php(17): Illuminate\\Foundation\\Application->boot()
#23 /var/www/app/vendor/laravel/framework/src/Illuminate/Foundation/Application.php(230): Illuminate\\Foundation\\Bootstrap\\BootProviders->bootstrap(Object(Illuminate\\Foundation\\Application))
#24 /var/www/app/vendor/laravel/framework/src/Illuminate/Foundation/Http/Kernel.php(152): Illuminate\\Foundation\\Application->bootstrapWith(Array)
#25 /var/www/app/vendor/laravel/framework/src/Illuminate/Foundation/Http/Kernel.php(136): Illuminate\\Foundation\\Http\\Kernel->bootstrap()
#26 /var/www/app/vendor/laravel/framework/src/Illuminate/Foundation/Http/Kernel.php(110): Illuminate\\Foundation\\Http\\Kernel->sendRequestThroughRouter(Object(Illuminate\\Http\\Request))
#27 /var/www/app/public/index.php(52): Illuminate\\Foundation\\Http\\Kernel->handle(Object(Illuminate\\Http\\Request))
#28 {main}
"} 
[2020-11-09 12:23:10] local.ERROR: Please provide a valid cache path. {"exception":"[object] (InvalidArgumentException(code: 0): Please provide a valid cache path. at /var/www/app/vendor/laravel/framework/src/Illuminate/View/Compilers/Compiler.php:36)
[stacktrace]
#0 /var/www/app/vendor/laravel/framework/src/Illuminate/View/ViewServiceProvider.php(88): Illuminate\\View\\Compilers\\Compiler->__construct(Object(Illuminate\\Filesystem\\Filesystem), false)
#1 /var/www/app/vendor/laravel/framework/src/Illuminate/Container/Container.php(805): Illuminate\\View\\ViewServiceProvider->Illuminate\\View\\{closure}(Object(Illuminate\\Foundation\\Application), Array)
#2 /var/www/app/vendor/laravel/framework/src/Illuminate/Container/Container.php(691): Illuminate\\Container\\Container->build(Object(Closure))
#3 /var/www/app/vendor/laravel/framework/src/Illuminate/Foundation/Application.php(796): Illuminate\\Container\\Container->resolve('blade.compiler', Array, true)
#4 /var/www/app/vendor/laravel/framework/src/Illuminate/Container/Container.php(637): Illuminate\\Foundation\\Application->resolve('blade.compiler', Array)
#5 /var/www/app/vendor/laravel/framework/src/Illuminate/Foundation/Application.php(781): Illuminate\\Container\\Container->make('blade.compiler', Array)
#6 /var/www/app/vendor/laravel/framework/src/Illuminate/Container/Container.php(1280): Illuminate\\Foundation\\Application->make('blade.compiler')
#7 /var/www/app/vendor/laravel/framework/src/Illuminate/View/ViewServiceProvider.php(150): Illuminate\\Container\\Container->offsetGet('blade.compiler')
#8 [internal function]: Illuminate\\View\\ViewServiceProvider->Illuminate\\View\\{closure}()
#9 /var/www/app/vendor/laravel/framework/src/Illuminate/View/Engines/EngineResolver.php(55): call_user_func(Object(Closure))
#10 /var/www/app/vendor/facade/ignition/src/IgnitionServiceProvider.php(389): Illuminate\\View\\Engines\\EngineResolver->resolve('blade')
#11 /var/www/app/vendor/facade/ignition/src/IgnitionServiceProvider.php(125): Facade\\Ignition\\IgnitionServiceProvider->hasCustomViewEnginesRegistered()
#12 /var/www/app/vendor/facade/ignition/src/IgnitionServiceProvider.php(84): Facade\\Ignition\\IgnitionServiceProvider->registerViewEngines()
#13 /var/www/app/vendor/laravel/framework/src/Illuminate/Container/BoundMethod.php(36): Facade\\Ignition\\IgnitionServiceProvider->boot()
#14 /var/www/app/vendor/laravel/framework/src/Illuminate/Container/Util.php(40): Illuminate\\Container\\BoundMethod::Illuminate\\Container\\{closure}()
#15 /var/www/app/vendor/laravel/framework/src/Illuminate/Container/BoundMethod.php(93): Illuminate\\Container\\Util::unwrapIfClosure(Object(Closure))
#16 /var/www/app/vendor/laravel/framework/src/Illuminate/Container/BoundMethod.php(37): Illuminate\\Container\\BoundMethod::callBoundMethod(Object(Illuminate\\Foundation\\Application), Array, Object(Closure))
#17 /var/www/app/vendor/laravel/framework/src/Illuminate/Container/Container.php(596): Illuminate\\Container\\BoundMethod::call(Object(Illuminate\\Foundation\\Application), Array, Array, NULL)
#18 /var/www/app/vendor/laravel/framework/src/Illuminate/Foundation/Application.php(869): Illuminate\\Container\\Container->call(Array)
#19 /var/www/app/vendor/laravel/framework/src/Illuminate/Foundation/Application.php(850): Illuminate\\Foundation\\Application->bootProvider(Object(Facade\\Ignition\\IgnitionServiceProvider))
#20 [internal function]: Illuminate\\Foundation\\Application->Illuminate\\Foundation\\{closure}(Object(Facade\\Ignition\\IgnitionServiceProvider), 14)
#21 /var/www/app/vendor/laravel/framework/src/Illuminate/Foundation/Application.php(851): array_walk(Array, Object(Closure))
#22 /var/www/app/vendor/laravel/framework/src/Illuminate/Foundation/Bootstrap/BootProviders.php(17): Illuminate\\Foundation\\Application->boot()
#23 /var/www/app/vendor/laravel/framework/src/Illuminate/Foundation/Application.php(230): Illuminate\\Foundation\\Bootstrap\\BootProviders->bootstrap(Object(Illuminate\\Foundation\\Application))
#24 /var/www/app/vendor/laravel/framework/src/Illuminate/Foundation/Http/Kernel.php(152): Illuminate\\Foundation\\Application->bootstrapWith(Array)
#25 /var/www/app/vendor/laravel/framework/src/Illuminate/Foundation/Http/Kernel.php(136): Illuminate\\Foundation\\Http\\Kernel->bootstrap()
#26 /var/www/app/vendor/laravel/framework/src/Illuminate/Foundation/Http/Kernel.php(110): Illuminate\\Foundation\\Http\\Kernel->sendRequestThroughRouter(Object(Illuminate\\Http\\Request))
#27 /var/www/app/public/index.php(52): Illuminate\\Foundation\\Http\\Kernel->handle(Object(Illuminate\\Http\\Request))
#28 {main}
"} 
[2020-11-09 12:23:13] local.ERROR: Please provide a valid cache path. {"exception":"[object] (InvalidArgumentException(code: 0): Please provide a valid cache path. at /var/www/app/vendor/laravel/framework/src/Illuminate/View/Compilers/Compiler.php:36)
[stacktrace]
#0 /var/www/app/vendor/laravel/framework/src/Illuminate/View/ViewServiceProvider.php(88): Illuminate\\View\\Compilers\\Compiler->__construct(Object(Illuminate\\Filesystem\\Filesystem), false)
#1 /var/www/app/vendor/laravel/framework/src/Illuminate/Container/Container.php(805): Illuminate\\View\\ViewServiceProvider->Illuminate\\View\\{closure}(Object(Illuminate\\Foundation\\Application), Array)
#2 /var/www/app/vendor/laravel/framework/src/Illuminate/Container/Container.php(691): Illuminate\\Container\\Container->build(Object(Closure))
#3 /var/www/app/vendor/laravel/framework/src/Illuminate/Foundation/Application.php(796): Illuminate\\Container\\Container->resolve('blade.compiler', Array, true)
#4 /var/www/app/vendor/laravel/framework/src/Illuminate/Container/Container.php(637): Illuminate\\Foundation\\Application->resolve('blade.compiler', Array)
#5 /var/www/app/vendor/laravel/framework/src/Illuminate/Foundation/Application.php(781): Illuminate\\Container\\Container->make('blade.compiler', Array)
#6 /var/www/app/vendor/laravel/framework/src/Illuminate/Container/Container.php(1280): Illuminate\\Foundation\\Application->make('blade.compiler')
#7 /var/www/app/vendor/laravel/framework/src/Illuminate/View/ViewServiceProvider.php(150): Illuminate\\Container\\Container->offsetGet('blade.compiler')
#8 [internal function]: Illuminate\\View\\ViewServiceProvider->Illuminate\\View\\{closure}()
#9 /var/www/app/vendor/laravel/framework/src/Illuminate/View/Engines/EngineResolver.php(55): call_user_func(Object(Closure))
#10 /var/www/app/vendor/facade/ignition/src/IgnitionServiceProvider.php(389): Illuminate\\View\\Engines\\EngineResolver->resolve('blade')
#11 /var/www/app/vendor/facade/ignition/src/IgnitionServiceProvider.php(125): Facade\\Ignition\\IgnitionServiceProvider->hasCustomViewEnginesRegistered()
#12 /var/www/app/vendor/facade/ignition/src/IgnitionServiceProvider.php(84): Facade\\Ignition\\IgnitionServiceProvider->registerViewEngines()
#13 /var/www/app/vendor/laravel/framework/src/Illuminate/Container/BoundMethod.php(36): Facade\\Ignition\\IgnitionServiceProvider->boot()
#14 /var/www/app/vendor/laravel/framework/src/Illuminate/Container/Util.php(40): Illuminate\\Container\\BoundMethod::Illuminate\\Container\\{closure}()
#15 /var/www/app/vendor/laravel/framework/src/Illuminate/Container/BoundMethod.php(93): Illuminate\\Container\\Util::unwrapIfClosure(Object(Closure))
#16 /var/www/app/vendor/laravel/framework/src/Illuminate/Container/BoundMethod.php(37): Illuminate\\Container\\BoundMethod::callBoundMethod(Object(Illuminate\\Foundation\\Application), Array, Object(Closure))
#17 /var/www/app/vendor/laravel/framework/src/Illuminate/Container/Container.php(596): Illuminate\\Container\\BoundMethod::call(Object(Illuminate\\Foundation\\Application), Array, Array, NULL)
#18 /var/www/app/vendor/laravel/framework/src/Illuminate/Foundation/Application.php(869): Illuminate\\Container\\Container->call(Array)
#19 /var/www/app/vendor/laravel/framework/src/Illuminate/Foundation/Application.php(850): Illuminate\\Foundation\\Application->bootProvider(Object(Facade\\Ignition\\IgnitionServiceProvider))
#20 [internal function]: Illuminate\\Foundation\\Application->Illuminate\\Foundation\\{closure}(Object(Facade\\Ignition\\IgnitionServiceProvider), 14)
#21 /var/www/app/vendor/laravel/framework/src/Illuminate/Foundation/Application.php(851): array_walk(Array, Object(Closure))
#22 /var/www/app/vendor/laravel/framework/src/Illuminate/Foundation/Bootstrap/BootProviders.php(17): Illuminate\\Foundation\\Application->boot()
#23 /var/www/app/vendor/laravel/framework/src/Illuminate/Foundation/Application.php(230): Illuminate\\Foundation\\Bootstrap\\BootProviders->bootstrap(Object(Illuminate\\Foundation\\Application))
#24 /var/www/app/vendor/laravel/framework/src/Illuminate/Foundation/Http/Kernel.php(152): Illuminate\\Foundation\\Application->bootstrapWith(Array)
#25 /var/www/app/vendor/laravel/framework/src/Illuminate/Foundation/Http/Kernel.php(136): Illuminate\\Foundation\\Http\\Kernel->bootstrap()
#26 /var/www/app/vendor/laravel/framework/src/Illuminate/Foundation/Http/Kernel.php(110): Illuminate\\Foundation\\Http\\Kernel->sendRequestThroughRouter(Object(Illuminate\\Http\\Request))
#27 /var/www/app/public/index.php(52): Illuminate\\Foundation\\Http\\Kernel->handle(Object(Illuminate\\Http\\Request))
#28 {main}
"} 
[2020-11-09 12:31:01] local.ERROR: Please provide a valid cache path. {"exception":"[object] (InvalidArgumentException(code: 0): Please provide a valid cache path. at /var/www/app/vendor/laravel/framework/src/Illuminate/View/Compilers/Compiler.php:36)
[stacktrace]
#0 /var/www/app/vendor/laravel/framework/src/Illuminate/View/ViewServiceProvider.php(88): Illuminate\\View\\Compilers\\Compiler->__construct(Object(Illuminate\\Filesystem\\Filesystem), false)
#1 /var/www/app/vendor/laravel/framework/src/Illuminate/Container/Container.php(805): Illuminate\\View\\ViewServiceProvider->Illuminate\\View\\{closure}(Object(Illuminate\\Foundation\\Application), Array)
#2 /var/www/app/vendor/laravel/framework/src/Illuminate/Container/Container.php(691): Illuminate\\Container\\Container->build(Object(Closure))
#3 /var/www/app/vendor/laravel/framework/src/Illuminate/Foundation/Application.php(796): Illuminate\\Container\\Container->resolve('blade.compiler', Array, true)
#4 /var/www/app/vendor/laravel/framework/src/Illuminate/Container/Container.php(637): Illuminate\\Foundation\\Application->resolve('blade.compiler', Array)
#5 /var/www/app/vendor/laravel/framework/src/Illuminate/Foundation/Application.php(781): Illuminate\\Container\\Container->make('blade.compiler', Array)
#6 /var/www/app/vendor/laravel/framework/src/Illuminate/Container/Container.php(1280): Illuminate\\Foundation\\Application->make('blade.compiler')
#7 /var/www/app/vendor/laravel/framework/src/Illuminate/View/ViewServiceProvider.php(150): Illuminate\\Container\\Container->offsetGet('blade.compiler')
#8 [internal function]: Illuminate\\View\\ViewServiceProvider->Illuminate\\View\\{closure}()
#9 /var/www/app/vendor/laravel/framework/src/Illuminate/View/Engines/EngineResolver.php(55): call_user_func(Object(Closure))
#10 /var/www/app/vendor/facade/ignition/src/IgnitionServiceProvider.php(389): Illuminate\\View\\Engines\\EngineResolver->resolve('blade')
#11 /var/www/app/vendor/facade/ignition/src/IgnitionServiceProvider.php(125): Facade\\Ignition\\IgnitionServiceProvider->hasCustomViewEnginesRegistered()
#12 /var/www/app/vendor/facade/ignition/src/IgnitionServiceProvider.php(84): Facade\\Ignition\\IgnitionServiceProvider->registerViewEngines()
#13 /var/www/app/vendor/laravel/framework/src/Illuminate/Container/BoundMethod.php(36): Facade\\Ignition\\IgnitionServiceProvider->boot()
#14 /var/www/app/vendor/laravel/framework/src/Illuminate/Container/Util.php(40): Illuminate\\Container\\BoundMethod::Illuminate\\Container\\{closure}()
#15 /var/www/app/vendor/laravel/framework/src/Illuminate/Container/BoundMethod.php(93): Illuminate\\Container\\Util::unwrapIfClosure(Object(Closure))
#16 /var/www/app/vendor/laravel/framework/src/Illuminate/Container/BoundMethod.php(37): Illuminate\\Container\\BoundMethod::callBoundMethod(Object(Illuminate\\Foundation\\Application), Array, Object(Closure))
#17 /var/www/app/vendor/laravel/framework/src/Illuminate/Container/Container.php(596): Illuminate\\Container\\BoundMethod::call(Object(Illuminate\\Foundation\\Application), Array, Array, NULL)
#18 /var/www/app/vendor/laravel/framework/src/Illuminate/Foundation/Application.php(869): Illuminate\\Container\\Container->call(Array)
#19 /var/www/app/vendor/laravel/framework/src/Illuminate/Foundation/Application.php(850): Illuminate\\Foundation\\Application->bootProvider(Object(Facade\\Ignition\\IgnitionServiceProvider))
#20 [internal function]: Illuminate\\Foundation\\Application->Illuminate\\Foundation\\{closure}(Object(Facade\\Ignition\\IgnitionServiceProvider), 14)
#21 /var/www/app/vendor/laravel/framework/src/Illuminate/Foundation/Application.php(851): array_walk(Array, Object(Closure))
#22 /var/www/app/vendor/laravel/framework/src/Illuminate/Foundation/Bootstrap/BootProviders.php(17): Illuminate\\Foundation\\Application->boot()
#23 /var/www/app/vendor/laravel/framework/src/Illuminate/Foundation/Application.php(230): Illuminate\\Foundation\\Bootstrap\\BootProviders->bootstrap(Object(Illuminate\\Foundation\\Application))
#24 /var/www/app/vendor/laravel/framework/src/Illuminate/Foundation/Http/Kernel.php(152): Illuminate\\Foundation\\Application->bootstrapWith(Array)
#25 /var/www/app/vendor/laravel/framework/src/Illuminate/Foundation/Http/Kernel.php(136): Illuminate\\Foundation\\Http\\Kernel->bootstrap()
#26 /var/www/app/vendor/laravel/framework/src/Illuminate/Foundation/Http/Kernel.php(110): Illuminate\\Foundation\\Http\\Kernel->sendRequestThroughRouter(Object(Illuminate\\Http\\Request))
#27 /var/www/app/public/index.php(52): Illuminate\\Foundation\\Http\\Kernel->handle(Object(Illuminate\\Http\\Request))
#28 {main}
"} 
[2020-11-09 12:37:49] local.ERROR: Please provide a valid cache path. {"exception":"[object] (InvalidArgumentException(code: 0): Please provide a valid cache path. at /var/www/app/vendor/laravel/framework/src/Illuminate/View/Compilers/Compiler.php:36)
[stacktrace]
#0 /var/www/app/vendor/laravel/framework/src/Illuminate/View/ViewServiceProvider.php(88): Illuminate\\View\\Compilers\\Compiler->__construct(Object(Illuminate\\Filesystem\\Filesystem), false)
#1 /var/www/app/vendor/laravel/framework/src/Illuminate/Container/Container.php(805): Illuminate\\View\\ViewServiceProvider->Illuminate\\View\\{closure}(Object(Illuminate\\Foundation\\Application), Array)
#2 /var/www/app/vendor/laravel/framework/src/Illuminate/Container/Container.php(691): Illuminate\\Container\\Container->build(Object(Closure))
#3 /var/www/app/vendor/laravel/framework/src/Illuminate/Foundation/Application.php(796): Illuminate\\Container\\Container->resolve('blade.compiler', Array, true)
#4 /var/www/app/vendor/laravel/framework/src/Illuminate/Container/Container.php(637): Illuminate\\Foundation\\Application->resolve('blade.compiler', Array)
#5 /var/www/app/vendor/laravel/framework/src/Illuminate/Foundation/Application.php(781): Illuminate\\Container\\Container->make('blade.compiler', Array)
#6 /var/www/app/vendor/laravel/framework/src/Illuminate/Container/Container.php(1280): Illuminate\\Foundation\\Application->make('blade.compiler')
#7 /var/www/app/vendor/laravel/framework/src/Illuminate/View/ViewServiceProvider.php(150): Illuminate\\Container\\Container->offsetGet('blade.compiler')
#8 [internal function]: Illuminate\\View\\ViewServiceProvider->Illuminate\\View\\{closure}()
#9 /var/www/app/vendor/laravel/framework/src/Illuminate/View/Engines/EngineResolver.php(55): call_user_func(Object(Closure))
#10 /var/www/app/vendor/facade/ignition/src/IgnitionServiceProvider.php(389): Illuminate\\View\\Engines\\EngineResolver->resolve('blade')
#11 /var/www/app/vendor/facade/ignition/src/IgnitionServiceProvider.php(125): Facade\\Ignition\\IgnitionServiceProvider->hasCustomViewEnginesRegistered()
#12 /var/www/app/vendor/facade/ignition/src/IgnitionServiceProvider.php(84): Facade\\Ignition\\IgnitionServiceProvider->registerViewEngines()
#13 /var/www/app/vendor/laravel/framework/src/Illuminate/Container/BoundMethod.php(36): Facade\\Ignition\\IgnitionServiceProvider->boot()
#14 /var/www/app/vendor/laravel/framework/src/Illuminate/Container/Util.php(40): Illuminate\\Container\\BoundMethod::Illuminate\\Container\\{closure}()
#15 /var/www/app/vendor/laravel/framework/src/Illuminate/Container/BoundMethod.php(93): Illuminate\\Container\\Util::unwrapIfClosure(Object(Closure))
#16 /var/www/app/vendor/laravel/framework/src/Illuminate/Container/BoundMethod.php(37): Illuminate\\Container\\BoundMethod::callBoundMethod(Object(Illuminate\\Foundation\\Application), Array, Object(Closure))
#17 /var/www/app/vendor/laravel/framework/src/Illuminate/Container/Container.php(596): Illuminate\\Container\\BoundMethod::call(Object(Illuminate\\Foundation\\Application), Array, Array, NULL)
#18 /var/www/app/vendor/laravel/framework/src/Illuminate/Foundation/Application.php(869): Illuminate\\Container\\Container->call(Array)
#19 /var/www/app/vendor/laravel/framework/src/Illuminate/Foundation/Application.php(850): Illuminate\\Foundation\\Application->bootProvider(Object(Facade\\Ignition\\IgnitionServiceProvider))
#20 [internal function]: Illuminate\\Foundation\\Application->Illuminate\\Foundation\\{closure}(Object(Facade\\Ignition\\IgnitionServiceProvider), 14)
#21 /var/www/app/vendor/laravel/framework/src/Illuminate/Foundation/Application.php(851): array_walk(Array, Object(Closure))
#22 /var/www/app/vendor/laravel/framework/src/Illuminate/Foundation/Bootstrap/BootProviders.php(17): Illuminate\\Foundation\\Application->boot()
#23 /var/www/app/vendor/laravel/framework/src/Illuminate/Foundation/Application.php(230): Illuminate\\Foundation\\Bootstrap\\BootProviders->bootstrap(Object(Illuminate\\Foundation\\Application))
#24 /var/www/app/vendor/laravel/framework/src/Illuminate/Foundation/Http/Kernel.php(152): Illuminate\\Foundation\\Application->bootstrapWith(Array)
#25 /var/www/app/vendor/laravel/framework/src/Illuminate/Foundation/Http/Kernel.php(136): Illuminate\\Foundation\\Http\\Kernel->bootstrap()
#26 /var/www/app/vendor/laravel/framework/src/Illuminate/Foundation/Http/Kernel.php(110): Illuminate\\Foundation\\Http\\Kernel->sendRequestThroughRouter(Object(Illuminate\\Http\\Request))
#27 /var/www/app/public/index.php(52): Illuminate\\Foundation\\Http\\Kernel->handle(Object(Illuminate\\Http\\Request))
#28 {main}
"} 
[2020-11-09 12:44:59] local.ERROR: Please provide a valid cache path. {"exception":"[object] (InvalidArgumentException(code: 0): Please provide a valid cache path. at /var/www/app/vendor/laravel/framework/src/Illuminate/View/Compilers/Compiler.php:36)
[stacktrace]
#0 /var/www/app/vendor/laravel/framework/src/Illuminate/View/ViewServiceProvider.php(88): Illuminate\\View\\Compilers\\Compiler->__construct(Object(Illuminate\\Filesystem\\Filesystem), false)
#1 /var/www/app/vendor/laravel/framework/src/Illuminate/Container/Container.php(805): Illuminate\\View\\ViewServiceProvider->Illuminate\\View\\{closure}(Object(Illuminate\\Foundation\\Application), Array)
#2 /var/www/app/vendor/laravel/framework/src/Illuminate/Container/Container.php(691): Illuminate\\Container\\Container->build(Object(Closure))
#3 /var/www/app/vendor/laravel/framework/src/Illuminate/Foundation/Application.php(796): Illuminate\\Container\\Container->resolve('blade.compiler', Array, true)
#4 /var/www/app/vendor/laravel/framework/src/Illuminate/Container/Container.php(637): Illuminate\\Foundation\\Application->resolve('blade.compiler', Array)
#5 /var/www/app/vendor/laravel/framework/src/Illuminate/Foundation/Application.php(781): Illuminate\\Container\\Container->make('blade.compiler', Array)
#6 /var/www/app/vendor/laravel/framework/src/Illuminate/Container/Container.php(1280): Illuminate\\Foundation\\Application->make('blade.compiler')
#7 /var/www/app/vendor/laravel/framework/src/Illuminate/View/ViewServiceProvider.php(150): Illuminate\\Container\\Container->offsetGet('blade.compiler')
#8 [internal function]: Illuminate\\View\\ViewServiceProvider->Illuminate\\View\\{closure}()
#9 /var/www/app/vendor/laravel/framework/src/Illuminate/View/Engines/EngineResolver.php(55): call_user_func(Object(Closure))
#10 /var/www/app/vendor/facade/ignition/src/IgnitionServiceProvider.php(389): Illuminate\\View\\Engines\\EngineResolver->resolve('blade')
#11 /var/www/app/vendor/facade/ignition/src/IgnitionServiceProvider.php(125): Facade\\Ignition\\IgnitionServiceProvider->hasCustomViewEnginesRegistered()
#12 /var/www/app/vendor/facade/ignition/src/IgnitionServiceProvider.php(84): Facade\\Ignition\\IgnitionServiceProvider->registerViewEngines()
#13 /var/www/app/vendor/laravel/framework/src/Illuminate/Container/BoundMethod.php(36): Facade\\Ignition\\IgnitionServiceProvider->boot()
#14 /var/www/app/vendor/laravel/framework/src/Illuminate/Container/Util.php(40): Illuminate\\Container\\BoundMethod::Illuminate\\Container\\{closure}()
#15 /var/www/app/vendor/laravel/framework/src/Illuminate/Container/BoundMethod.php(93): Illuminate\\Container\\Util::unwrapIfClosure(Object(Closure))
#16 /var/www/app/vendor/laravel/framework/src/Illuminate/Container/BoundMethod.php(37): Illuminate\\Container\\BoundMethod::callBoundMethod(Object(Illuminate\\Foundation\\Application), Array, Object(Closure))
#17 /var/www/app/vendor/laravel/framework/src/Illuminate/Container/Container.php(596): Illuminate\\Container\\BoundMethod::call(Object(Illuminate\\Foundation\\Application), Array, Array, NULL)
#18 /var/www/app/vendor/laravel/framework/src/Illuminate/Foundation/Application.php(869): Illuminate\\Container\\Container->call(Array)
#19 /var/www/app/vendor/laravel/framework/src/Illuminate/Foundation/Application.php(850): Illuminate\\Foundation\\Application->bootProvider(Object(Facade\\Ignition\\IgnitionServiceProvider))
#20 [internal function]: Illuminate\\Foundation\\Application->Illuminate\\Foundation\\{closure}(Object(Facade\\Ignition\\IgnitionServiceProvider), 14)
#21 /var/www/app/vendor/laravel/framework/src/Illuminate/Foundation/Application.php(851): array_walk(Array, Object(Closure))
#22 /var/www/app/vendor/laravel/framework/src/Illuminate/Foundation/Bootstrap/BootProviders.php(17): Illuminate\\Foundation\\Application->boot()
#23 /var/www/app/vendor/laravel/framework/src/Illuminate/Foundation/Application.php(230): Illuminate\\Foundation\\Bootstrap\\BootProviders->bootstrap(Object(Illuminate\\Foundation\\Application))
#24 /var/www/app/vendor/laravel/framework/src/Illuminate/Foundation/Http/Kernel.php(152): Illuminate\\Foundation\\Application->bootstrapWith(Array)
#25 /var/www/app/vendor/laravel/framework/src/Illuminate/Foundation/Http/Kernel.php(136): Illuminate\\Foundation\\Http\\Kernel->bootstrap()
#26 /var/www/app/vendor/laravel/framework/src/Illuminate/Foundation/Http/Kernel.php(110): Illuminate\\Foundation\\Http\\Kernel->sendRequestThroughRouter(Object(Illuminate\\Http\\Request))
#27 /var/www/app/public/index.php(52): Illuminate\\Foundation\\Http\\Kernel->handle(Object(Illuminate\\Http\\Request))
#28 {main}
"} 
